TN:
SF:src\App.tsx
FN:17,getRandomInt
FN:22,generateRandomJobTitle
FN:35,generateNextCardId
FN:80,stagedone
FN:166,App
FN:193,handleWipLimitUpdate
FN:201,getColumnKey
FN:213,wouldExceedWipLimit
FN:228,wouldViolateMinWipLimit
FN:254,generateWorkerId
FN:271,handleAddWorker
FN:282,handleDeleteWorker
FN:325,handleNextDay
FN:446,handleWorkerSelect
FN:451,handleWorkerDrop
FN:483,handleAddCard
FN:518,handleCardClick
FN:593,handleToggleBlock
FN:635,handleTabChange
FN:640,handleSaveContext
FN:674,handleImportContext
FN:708,renderContent
FN:728,onUpdate
FN:735,onUpdate
FN:742,onUpdate
FN:749,onUpdate
FN:756,onUpdate
FN:763,onUpdate
FN:770,onUpdate
FN:865,handleRunPolicy
FN:896,handleCancelPolicy
FN:907,executePolicyDay
FN:1079,moveCardsFromOptionsToRedActiveSync
FN:1130,moveCardsFromFinishedToNextActivitySync
FN:1145,moveCardsToNextStageSync
FN:1199,assignWorkersToMatchingCardsSync
FN:1244,assignWorkersToCardsInBatch
FNF:37
FNH:23
FNDA:42,getRandomInt
FNDA:14,generateRandomJobTitle
FNDA:14,generateNextCardId
FNDA:5,stagedone
FNDA:130,App
FNDA:5,handleWipLimitUpdate
FNDA:17,getColumnKey
FNDA:9,wouldExceedWipLimit
FNDA:8,wouldViolateMinWipLimit
FNDA:3,generateWorkerId
FNDA:3,handleAddWorker
FNDA:1,handleDeleteWorker
FNDA:5,handleNextDay
FNDA:3,handleWorkerSelect
FNDA:0,handleWorkerDrop
FNDA:14,handleAddCard
FNDA:11,handleCardClick
FNDA:4,handleToggleBlock
FNDA:4,handleTabChange
FNDA:2,handleSaveContext
FNDA:0,handleImportContext
FNDA:130,renderContent
FNDA:1,onUpdate
FNDA:3,onUpdate
FNDA:1,onUpdate
FNDA:0,onUpdate
FNDA:0,onUpdate
FNDA:0,onUpdate
FNDA:0,onUpdate
FNDA:0,handleRunPolicy
FNDA:0,handleCancelPolicy
FNDA:0,executePolicyDay
FNDA:0,moveCardsFromOptionsToRedActiveSync
FNDA:0,moveCardsFromFinishedToNextActivitySync
FNDA:0,moveCardsToNextStageSync
FNDA:0,assignWorkersToMatchingCardsSync
FNDA:0,assignWorkersToCardsInBatch
DA:1,1
DA:2,1
DA:3,1
DA:4,1
DA:5,1
DA:6,1
DA:7,1
DA:8,1
DA:9,1
DA:10,1
DA:17,1
DA:18,42
DA:19,42
DA:22,1
DA:23,14
DA:24,14
DA:25,14
DA:26,14
DA:28,14
DA:29,14
DA:31,14
DA:32,14
DA:35,1
DA:37,14
DA:38,14
DA:39,14
DA:40,14
DA:42,14
DA:43,12
DA:44,12
DA:46,2
DA:47,2
DA:50,6
DA:51,0
DA:52,0
DA:54,2
DA:55,2
DA:80,1
DA:82,5
DA:83,0
DA:84,0
DA:87,5
DA:88,4
DA:89,4
DA:90,4
DA:92,1
DA:93,0
DA:94,0
DA:95,0
DA:98,1
DA:99,0
DA:100,0
DA:101,0
DA:102,0
DA:104,1
DA:105,0
DA:106,0
DA:107,0
DA:108,0
DA:111,1
DA:112,0
DA:113,0
DA:114,0
DA:115,0
DA:116,0
DA:119,1
DA:120,1
DA:121,1
DA:122,1
DA:124,1
DA:125,1
DA:126,1
DA:127,1
DA:129,1
DA:130,5
DA:164,1
DA:166,130
DA:168,130
DA:171,130
DA:174,130
DA:177,130
DA:178,130
DA:179,130
DA:182,130
DA:183,130
DA:184,130
DA:185,130
DA:186,130
DA:187,130
DA:188,130
DA:189,130
DA:190,130
DA:193,130
DA:194,5
DA:195,5
DA:196,5
DA:197,5
DA:198,5
DA:201,130
DA:202,17
DA:203,9
DA:204,0
DA:205,0
DA:206,0
DA:207,0
DA:208,0
DA:209,0
DA:210,17
DA:213,130
DA:214,9
DA:215,9
DA:218,9
DA:221,2
DA:224,2
DA:225,9
DA:228,130
DA:229,8
DA:230,8
DA:233,8
DA:236,1
DA:239,1
DA:240,8
DA:243,130
DA:244,130
DA:245,130
DA:246,130
DA:247,130
DA:248,130
DA:251,130
DA:254,130
DA:256,3
DA:257,3
DA:258,3
DA:259,3
DA:262,3
DA:263,3
DA:264,3
DA:267,0
DA:268,3
DA:271,130
DA:272,3
DA:273,3
DA:274,3
DA:275,3
DA:276,3
DA:278,3
DA:279,3
DA:282,130
DA:284,1
DA:285,0
DA:286,0
DA:287,0
DA:288,0
DA:289,0
DA:290,0
DA:291,0
DA:292,1
DA:295,1
DA:298,1
DA:301,1
DA:302,0
DA:303,0
DA:304,1
DA:307,130
DA:310,130
DA:313,130
DA:316,130
DA:317,130
DA:318,130
DA:319,130
DA:320,130
DA:321,130
DA:322,130
DA:325,130
DA:327,5
DA:330,5
DA:331,5
DA:332,5
DA:333,5
DA:336,5
DA:337,5
DA:338,5
DA:339,5
DA:341,0
DA:342,0
DA:343,0
DA:346,5
DA:347,0
DA:350,0
DA:352,0
DA:354,0
DA:355,0
DA:357,0
DA:358,0
DA:361,0
DA:362,0
DA:363,0
DA:364,0
DA:365,0
DA:367,0
DA:368,0
DA:369,0
DA:370,0
DA:371,0
DA:372,5
DA:374,5
DA:375,5
DA:376,5
DA:377,5
DA:378,5
DA:382,5
DA:383,5
DA:385,0
DA:386,0
DA:387,0
DA:388,0
DA:390,0
DA:392,0
DA:393,0
DA:394,0
DA:395,0
DA:396,0
DA:397,0
DA:399,0
DA:400,0
DA:401,0
DA:402,0
DA:403,0
DA:404,0
DA:406,0
DA:407,0
DA:408,0
DA:409,0
DA:410,0
DA:411,0
DA:413,0
DA:414,0
DA:415,0
DA:416,0
DA:417,0
DA:418,0
DA:420,0
DA:421,0
DA:422,0
DA:423,0
DA:425,0
DA:426,0
DA:427,0
DA:428,0
DA:429,0
DA:430,0
DA:431,0
DA:432,5
DA:433,5
DA:436,5
DA:437,5
DA:438,5
DA:439,5
DA:441,5
DA:442,5
DA:443,5
DA:446,130
DA:447,3
DA:448,3
DA:451,130
DA:452,0
DA:453,0
DA:455,0
DA:457,0
DA:458,0
DA:459,0
DA:460,0
DA:461,0
DA:462,0
DA:465,0
DA:467,0
DA:468,0
DA:469,0
DA:470,0
DA:471,0
DA:472,0
DA:473,0
DA:475,0
DA:476,0
DA:478,0
DA:479,0
DA:480,0
DA:483,130
DA:484,14
DA:487,14
DA:488,14
DA:491,14
DA:492,14
DA:493,14
DA:494,14
DA:495,14
DA:496,14
DA:497,14
DA:498,14
DA:499,14
DA:500,14
DA:501,14
DA:502,14
DA:503,14
DA:504,14
DA:506,14
DA:509,14
DA:510,14
DA:511,14
DA:512,14
DA:513,14
DA:514,14
DA:515,14
DA:518,130
DA:519,11
DA:520,11
DA:523,11
DA:525,9
DA:526,1
DA:527,1
DA:528,1
DA:531,9
DA:532,1
DA:533,1
DA:534,1
DA:537,7
DA:538,10
DA:539,7
DA:540,7
DA:541,3
DA:542,7
DA:543,7
DA:544,7
DA:545,11
DA:547,0
DA:548,0
DA:549,0
DA:550,0
DA:553,0
DA:554,0
DA:555,0
DA:556,0
DA:559,0
DA:560,0
DA:561,0
DA:562,0
DA:563,0
DA:564,0
DA:565,0
DA:566,0
DA:567,2
DA:569,0
DA:570,0
DA:571,0
DA:572,0
DA:575,0
DA:576,0
DA:577,0
DA:578,0
DA:581,0
DA:582,0
DA:583,0
DA:584,0
DA:585,0
DA:586,0
DA:587,0
DA:588,0
DA:589,0
DA:590,11
DA:593,130
DA:594,4
DA:595,4
DA:596,4
DA:597,4
DA:598,0
DA:599,4
DA:600,4
DA:601,4
DA:604,130
DA:606,55
DA:607,55
DA:608,55
DA:609,55
DA:610,55
DA:611,55
DA:612,55
DA:613,55
DA:614,55
DA:615,55
DA:616,55
DA:617,55
DA:620,55
DA:622,55
DA:624,21
DA:625,21
DA:626,21
DA:627,55
DA:629,34
DA:630,34
DA:631,130
DA:632,130
DA:635,130
DA:636,4
DA:637,4
DA:640,130
DA:642,2
DA:643,2
DA:644,2
DA:645,2
DA:646,2
DA:647,2
DA:648,2
DA:651,2
DA:654,2
DA:657,2
DA:660,2
DA:661,2
DA:662,2
DA:665,2
DA:666,2
DA:669,2
DA:670,2
DA:671,2
DA:674,130
DA:675,0
DA:677,0
DA:678,0
DA:679,0
DA:681,0
DA:684,0
DA:685,0
DA:687,0
DA:688,0
DA:690,0
DA:691,0
DA:692,0
DA:693,0
DA:694,0
DA:695,0
DA:696,0
DA:698,0
DA:699,0
DA:700,0
DA:701,0
DA:704,0
DA:705,0
DA:708,130
DA:709,130
DA:710,130
DA:711,127
DA:712,127
DA:714,127
DA:715,127
DA:716,127
DA:717,127
DA:718,127
DA:719,127
DA:720,127
DA:723,127
DA:724,127
DA:725,127
DA:726,127
DA:727,127
DA:728,127
DA:729,127
DA:730,127
DA:731,127
DA:732,127
DA:733,127
DA:734,127
DA:735,127
DA:736,127
DA:737,127
DA:738,127
DA:739,127
DA:740,127
DA:741,127
DA:742,127
DA:743,127
DA:744,127
DA:745,127
DA:746,127
DA:747,127
DA:748,127
DA:749,127
DA:750,127
DA:751,127
DA:752,127
DA:753,127
DA:754,127
DA:755,127
DA:756,127
DA:757,127
DA:758,127
DA:759,127
DA:760,127
DA:761,127
DA:762,127
DA:763,127
DA:764,127
DA:765,127
DA:766,127
DA:767,127
DA:768,127
DA:769,127
DA:770,127
DA:771,127
DA:772,127
DA:773,127
DA:776,127
DA:777,127
DA:778,127
DA:779,127
DA:780,127
DA:781,127
DA:782,127
DA:783,127
DA:784,127
DA:785,127
DA:786,127
DA:787,127
DA:788,127
DA:789,127
DA:790,127
DA:791,127
DA:792,127
DA:793,127
DA:794,127
DA:795,127
DA:796,127
DA:797,127
DA:798,127
DA:799,127
DA:800,127
DA:801,127
DA:802,127
DA:803,127
DA:804,127
DA:805,127
DA:806,127
DA:807,127
DA:808,127
DA:809,127
DA:810,127
DA:811,127
DA:812,127
DA:813,127
DA:814,127
DA:815,127
DA:816,127
DA:817,127
DA:818,127
DA:819,127
DA:820,127
DA:821,127
DA:822,127
DA:823,127
DA:824,127
DA:825,127
DA:826,127
DA:827,127
DA:828,127
DA:829,127
DA:830,127
DA:831,127
DA:832,127
DA:833,127
DA:834,127
DA:835,127
DA:836,127
DA:837,127
DA:838,127
DA:839,127
DA:841,130
DA:842,1
DA:843,1
DA:844,1
DA:845,1
DA:847,130
DA:848,1
DA:849,1
DA:850,1
DA:851,1
DA:853,130
DA:854,1
DA:855,1
DA:856,1
DA:857,1
DA:859,130
DA:860,0
DA:861,130
DA:862,130
DA:865,130
DA:866,0
DA:868,0
DA:869,0
DA:871,0
DA:874,0
DA:875,0
DA:876,0
DA:879,0
DA:880,0
DA:882,0
DA:883,0
DA:884,0
DA:887,0
DA:890,0
DA:891,0
DA:892,0
DA:893,0
DA:896,130
DA:897,0
DA:898,0
DA:899,0
DA:900,0
DA:902,0
DA:903,0
DA:904,0
DA:907,130
DA:909,0
DA:910,0
DA:913,0
DA:916,0
DA:917,0
DA:920,0
DA:921,0
DA:924,0
DA:925,0
DA:931,0
DA:934,0
DA:935,0
DA:936,0
DA:937,0
DA:940,0
DA:941,0
DA:942,0
DA:943,0
DA:945,0
DA:946,0
DA:947,0
DA:950,0
DA:951,0
DA:954,0
DA:956,0
DA:958,0
DA:959,0
DA:961,0
DA:962,0
DA:965,0
DA:966,0
DA:967,0
DA:968,0
DA:969,0
DA:971,0
DA:972,0
DA:973,0
DA:974,0
DA:975,0
DA:976,0
DA:978,0
DA:979,0
DA:980,0
DA:981,0
DA:982,0
DA:986,0
DA:988,0
DA:989,0
DA:991,0
DA:992,0
DA:993,0
DA:995,0
DA:996,0
DA:997,0
DA:998,0
DA:1000,0
DA:1002,0
DA:1003,0
DA:1005,0
DA:1006,0
DA:1007,0
DA:1008,0
DA:1010,0
DA:1011,0
DA:1013,0
DA:1014,0
DA:1016,0
DA:1017,0
DA:1018,0
DA:1019,0
DA:1021,0
DA:1022,0
DA:1024,0
DA:1025,0
DA:1027,0
DA:1028,0
DA:1029,0
DA:1030,0
DA:1032,0
DA:1033,0
DA:1035,0
DA:1036,0
DA:1038,0
DA:1039,0
DA:1040,0
DA:1041,0
DA:1043,0
DA:1044,0
DA:1046,0
DA:1047,0
DA:1049,0
DA:1050,0
DA:1051,0
DA:1052,0
DA:1055,0
DA:1056,0
DA:1057,0
DA:1058,0
DA:1059,0
DA:1060,0
DA:1061,0
DA:1062,0
DA:1063,0
DA:1066,0
DA:1067,0
DA:1068,0
DA:1069,0
DA:1072,0
DA:1073,0
DA:1074,0
DA:1075,0
DA:1076,0
DA:1079,130
DA:1081,0
DA:1084,0
DA:1087,0
DA:1090,0
DA:1091,0
DA:1092,0
DA:1095,0
DA:1096,0
DA:1097,0
DA:1099,0
DA:1100,0
DA:1101,0
DA:1102,0
DA:1104,0
DA:1105,0
DA:1106,0
DA:1107,0
DA:1110,0
DA:1112,0
DA:1113,0
DA:1114,0
DA:1115,0
DA:1118,0
DA:1119,0
DA:1120,0
DA:1121,0
DA:1122,0
DA:1123,0
DA:1125,0
DA:1126,0
DA:1130,130
DA:1132,0
DA:1135,0
DA:1138,0
DA:1140,0
DA:1141,0
DA:1145,130
DA:1147,0
DA:1150,0
DA:1153,0
DA:1156,0
DA:1157,0
DA:1158,0
DA:1161,0
DA:1162,0
DA:1163,0
DA:1165,0
DA:1166,0
DA:1167,0
DA:1168,0
DA:1170,0
DA:1171,0
DA:1172,0
DA:1173,0
DA:1176,0
DA:1178,0
DA:1179,0
DA:1180,0
DA:1181,0
DA:1184,0
DA:1186,0
DA:1187,0
DA:1188,0
DA:1189,0
DA:1190,0
DA:1191,0
DA:1192,0
DA:1194,0
DA:1195,0
DA:1199,130
DA:1201,0
DA:1204,0
DA:1205,0
DA:1206,0
DA:1207,0
DA:1210,0
DA:1211,0
DA:1212,0
DA:1213,0
DA:1214,0
DA:1215,0
DA:1216,0
DA:1217,0
DA:1218,0
DA:1221,0
DA:1222,0
DA:1223,0
DA:1226,0
DA:1227,0
DA:1228,0
DA:1231,0
DA:1234,0
DA:1237,0
DA:1239,0
DA:1240,0
DA:1244,130
DA:1245,0
DA:1246,0
DA:1247,0
DA:1248,0
DA:1249,0
DA:1252,0
DA:1255,0
DA:1256,0
DA:1259,0
DA:1260,0
DA:1261,0
DA:1264,0
DA:1265,0
DA:1267,0
DA:1268,0
DA:1271,0
DA:1272,0
DA:1273,0
DA:1276,0
DA:1278,0
DA:1281,0
DA:1282,0
DA:1283,0
DA:1286,0
DA:1287,0
DA:1289,0
DA:1290,0
DA:1291,0
DA:1294,0
DA:1297,0
DA:1298,0
DA:1299,0
DA:1300,0
DA:1301,0
DA:1303,0
DA:1304,0
DA:1306,130
DA:1307,130
DA:1308,130
DA:1309,130
DA:1310,130
DA:1311,130
DA:1312,130
DA:1313,130
DA:1314,130
DA:1315,130
DA:1316,130
DA:1317,130
DA:1318,130
DA:1320,130
DA:1321,130
DA:1322,130
DA:1323,130
DA:1324,130
DA:1325,130
DA:1326,130
DA:1328,130
DA:1330,130
DA:1331,130
DA:1332,130
DA:1333,130
DA:1335,130
DA:1337,1
LF:891
LH:452
BRDA:17,0,0,42
BRDA:22,1,0,14
BRDA:35,2,0,14
BRDA:42,3,0,12
BRDA:44,4,0,6
BRDA:44,5,0,2
BRDA:50,6,0,0
BRDA:52,7,0,2
BRDA:38,8,0,2
BRDA:39,9,0,2
BRDA:80,10,0,5
BRDA:82,11,0,0
BRDA:87,12,0,4
BRDA:90,13,0,1
BRDA:92,14,0,0
BRDA:98,15,0,0
BRDA:104,16,0,0
BRDA:111,17,0,0
BRDA:116,18,0,1
BRDA:120,19,0,3
BRDA:125,20,0,3
BRDA:166,21,0,130
BRDA:193,22,0,5
BRDA:194,23,0,5
BRDA:201,24,0,17
BRDA:202,25,0,14
BRDA:202,26,0,8
BRDA:202,27,0,9
BRDA:203,28,0,0
BRDA:213,29,0,9
BRDA:218,30,0,7
BRDA:218,31,0,2
BRDA:221,32,0,4
BRDA:228,33,0,8
BRDA:233,34,0,7
BRDA:233,35,0,1
BRDA:236,36,0,1
BRDA:254,37,0,3
BRDA:264,38,0,0
BRDA:257,39,0,12
BRDA:258,40,0,12
BRDA:271,41,0,3
BRDA:278,42,0,3
BRDA:282,43,0,1
BRDA:301,44,0,0
BRDA:295,45,0,1
BRDA:295,46,0,4
BRDA:316,47,0,73
BRDA:317,48,0,73
BRDA:318,49,0,73
BRDA:319,50,0,73
BRDA:320,51,0,73
BRDA:321,52,0,73
BRDA:322,53,0,73
BRDA:325,54,0,5
BRDA:327,55,0,5
BRDA:330,56,0,5
BRDA:332,57,0,1
BRDA:332,58,0,4
BRDA:336,59,0,5
BRDA:337,60,0,0
BRDA:339,61,0,0
BRDA:342,62,0,0
BRDA:382,63,0,5
BRDA:383,64,0,0
BRDA:436,65,0,5
BRDA:446,66,0,3
BRDA:483,67,0,14
BRDA:509,68,0,14
BRDA:518,69,0,11
BRDA:520,70,0,0
BRDA:523,71,0,9
BRDA:525,72,0,1
BRDA:528,73,0,8
BRDA:531,74,0,1
BRDA:534,75,0,7
BRDA:545,76,0,2
BRDA:545,77,0,0
BRDA:567,78,0,0
BRDA:519,79,0,13
BRDA:537,80,0,10
BRDA:538,81,0,7
BRDA:540,82,0,3
BRDA:593,83,0,4
BRDA:594,84,0,4
BRDA:595,85,0,4
BRDA:597,86,0,0
BRDA:604,87,0,55
BRDA:622,88,0,21
BRDA:627,89,0,34
BRDA:620,90,0,26
BRDA:629,91,0,34
BRDA:635,92,0,4
BRDA:640,93,0,2
BRDA:708,94,0,130
BRDA:710,95,0,127
BRDA:841,96,0,1
BRDA:847,97,0,1
BRDA:853,98,0,1
BRDA:859,99,0,0
BRDA:728,100,0,1
BRDA:735,101,0,3
BRDA:742,102,0,1
BRF:103
BRH:85
end_of_record
TN:
SF:src\vite-env.d.ts
FN:1,(empty-report)
FNF:1
FNH:1
FNDA:1,(empty-report)
LF:0
LH:0
BRDA:1,0,0,1
BRF:1
BRH:1
end_of_record
TN:
SF:src\components\Card.tsx
FN:29,Card
FN:51,handleDragOver
FN:63,handleDragLeave
FN:68,handleDrop
FN:97,handleToggleBlockClick
FN:112,handleWorkerDrop
FNF:6
FNH:3
FNDA:98,Card
FNDA:0,handleDragOver
FNDA:0,handleDragLeave
FNDA:1,handleDrop
FNDA:13,handleToggleBlockClick
FNDA:0,handleWorkerDrop
DA:1,1
DA:29,1
DA:30,98
DA:31,98
DA:32,98
DA:33,98
DA:34,98
DA:35,98
DA:36,98
DA:37,98
DA:38,98
DA:39,98
DA:40,98
DA:41,98
DA:42,98
DA:43,98
DA:44,98
DA:45,98
DA:46,98
DA:48,98
DA:51,98
DA:53,0
DA:54,0
DA:55,0
DA:56,0
DA:57,0
DA:58,0
DA:59,0
DA:60,0
DA:63,98
DA:64,0
DA:65,0
DA:68,98
DA:69,1
DA:70,1
DA:72,1
DA:73,1
DA:74,1
DA:75,1
DA:76,1
DA:77,1
DA:78,0
DA:79,0
DA:80,1
DA:82,98
DA:83,98
DA:84,98
DA:85,98
DA:88,98
DA:89,98
DA:90,98
DA:91,98
DA:94,98
DA:97,98
DA:98,13
DA:99,13
DA:100,13
DA:101,13
DA:102,13
DA:105,98
DA:108,98
DA:109,98
DA:112,98
DA:113,0
DA:114,0
DA:116,0
DA:117,0
DA:118,0
DA:119,0
DA:122,98
DA:123,98
DA:124,98
DA:127,98
DA:128,98
DA:129,98
DA:130,98
DA:131,98
DA:132,98
DA:134,98
DA:135,98
DA:136,98
DA:137,98
DA:138,98
DA:139,98
DA:140,98
DA:141,98
DA:142,98
DA:143,98
DA:144,98
DA:146,98
DA:147,98
DA:148,98
DA:149,98
DA:150,98
DA:151,84
DA:152,84
DA:153,84
DA:154,84
DA:155,84
DA:156,84
DA:158,84
DA:159,84
DA:161,98
DA:162,98
DA:164,98
DA:166,98
DA:167,1
DA:168,1
DA:169,2
DA:170,2
DA:171,2
DA:172,1
DA:173,1
DA:176,98
DA:178,98
DA:179,97
DA:180,97
DA:181,97
DA:182,428
DA:183,428
DA:184,428
DA:185,428
DA:186,428
DA:187,97
DA:188,97
DA:189,97
DA:193,98
DA:194,75
DA:195,75
DA:196,75
DA:197,284
DA:198,284
DA:199,284
DA:200,284
DA:201,284
DA:202,75
DA:203,75
DA:204,75
DA:208,98
DA:209,74
DA:210,74
DA:211,74
DA:212,321
DA:213,321
DA:214,321
DA:215,321
DA:216,321
DA:217,74
DA:218,74
DA:219,74
DA:221,98
DA:223,98
DA:224,98
DA:225,98
DA:226,98
DA:228,98
LF:156
LH:138
BRDA:29,0,0,98
BRDA:137,1,0,5
BRDA:137,2,0,93
BRDA:137,3,0,0
BRDA:137,4,0,0
BRDA:148,5,0,9
BRDA:148,6,0,9
BRDA:149,7,0,3
BRDA:149,8,0,1
BRDA:150,9,0,84
BRDA:158,10,0,4
BRDA:158,11,0,80
BRDA:162,12,0,3
BRDA:162,13,0,95
BRDA:164,14,0,5
BRDA:166,15,0,1
BRDA:178,16,0,97
BRDA:193,17,0,75
BRDA:208,18,0,74
BRDA:68,19,0,1
BRDA:77,20,0,0
BRDA:83,21,0,294
BRDA:89,22,0,294
BRDA:97,23,0,13
BRDA:108,24,0,98
BRDA:127,25,0,98
BRDA:168,26,0,2
BRDA:181,27,0,428
BRDA:184,28,0,1
BRDA:184,29,0,427
BRDA:185,30,0,1
BRDA:185,31,0,427
BRDA:196,32,0,284
BRDA:199,33,0,2
BRDA:199,34,0,282
BRDA:200,35,0,2
BRDA:200,36,0,282
BRDA:211,37,0,321
BRDA:214,38,0,2
BRDA:214,39,0,319
BRDA:215,40,0,2
BRDA:215,41,0,319
BRF:42
BRH:39
end_of_record
TN:
SF:src\components\Column.tsx
FN:34,Column
FN:40,onCardClick
FN:41,onWorkerDrop
FN:42,onAddCard
FN:76,onClick
FN:79,onWorkerDrop
FNF:6
FNH:3
FNDA:897,Column
FNDA:0,onCardClick
FNDA:0,onWorkerDrop
FNDA:0,onAddCard
FNDA:12,onClick
FNDA:1,onWorkerDrop
DA:1,1
DA:2,1
DA:34,1
DA:35,897
DA:36,897
DA:37,897
DA:38,897
DA:39,897
DA:40,897
DA:41,897
DA:42,897
DA:43,897
DA:44,897
DA:46,897
DA:48,897
DA:49,897
DA:51,897
DA:52,897
DA:53,897
DA:54,897
DA:55,129
DA:56,129
DA:57,129
DA:58,129
DA:59,129
DA:61,129
DA:63,897
DA:64,897
DA:65,897
DA:66,897
DA:67,77
DA:68,77
DA:69,77
DA:70,77
DA:71,77
DA:72,77
DA:73,77
DA:74,77
DA:75,77
DA:76,77
DA:77,77
DA:78,77
DA:79,77
DA:80,77
DA:81,77
DA:82,897
DA:83,897
DA:84,897
DA:86,897
LF:49
LH:49
BRDA:34,0,0,897
BRDA:46,1,0,643
BRDA:46,2,0,254
BRDA:54,3,0,129
BRDA:66,4,0,77
BRDA:76,5,0,12
BRDA:79,6,0,1
BRF:7
BRH:7
end_of_record
TN:
SF:src\components\ContextActions.tsx
FN:1,(empty-report)
FNF:1
FNH:0
FNDA:0,(empty-report)
DA:1,0
DA:8,0
DA:9,0
DA:10,0
DA:11,0
DA:12,0
DA:13,0
DA:14,0
DA:15,0
DA:17,0
DA:18,0
DA:20,0
DA:21,0
DA:22,0
DA:23,0
DA:24,0
DA:25,0
DA:26,0
DA:27,0
DA:29,0
DA:30,0
DA:31,0
DA:32,0
DA:33,0
DA:34,0
DA:35,0
DA:36,0
DA:38,0
LF:28
LH:0
BRDA:1,0,0,0
BRF:1
BRH:0
end_of_record
TN:
SF:src\components\CumulativeFlowDiagram.tsx
FN:46,CumulativeFlowDiagram
FNF:1
FNH:1
FNDA:1,CumulativeFlowDiagram
DA:1,1
DA:2,1
DA:13,1
DA:16,1
DA:17,1
DA:18,1
DA:19,1
DA:20,1
DA:21,1
DA:22,1
DA:23,1
DA:24,1
DA:25,1
DA:46,1
DA:48,1
DA:51,1
DA:52,1
DA:53,1
DA:54,1
DA:55,1
DA:56,1
DA:57,1
DA:58,1
DA:59,1
DA:60,1
DA:61,1
DA:62,1
DA:63,1
DA:64,1
DA:65,1
DA:66,1
DA:67,1
DA:68,1
DA:69,1
DA:70,1
DA:71,1
DA:72,1
DA:73,1
DA:74,1
DA:75,1
DA:76,1
DA:77,1
DA:78,1
DA:79,1
DA:80,1
DA:81,1
DA:82,1
DA:83,1
DA:84,1
DA:85,1
DA:86,1
DA:87,1
DA:88,1
DA:89,1
DA:90,1
DA:91,1
DA:92,1
DA:93,1
DA:94,1
DA:95,1
DA:96,1
DA:97,1
DA:98,1
DA:99,1
DA:100,1
DA:101,1
DA:102,1
DA:103,1
DA:104,1
DA:105,1
DA:106,1
DA:107,1
DA:108,1
DA:109,1
DA:110,1
DA:111,1
DA:112,1
DA:113,1
DA:114,1
DA:115,1
DA:116,1
DA:117,1
DA:118,1
DA:119,1
DA:120,1
DA:121,1
DA:122,1
DA:123,1
DA:124,1
DA:125,1
DA:126,1
DA:127,1
DA:129,1
DA:130,1
DA:131,1
DA:132,1
DA:133,1
DA:134,1
DA:135,1
DA:136,1
DA:137,1
DA:138,1
DA:139,1
DA:140,1
DA:141,1
DA:142,1
DA:143,1
DA:144,1
DA:145,1
DA:146,1
DA:147,1
DA:148,1
DA:149,1
DA:150,1
DA:151,1
DA:152,1
DA:153,1
DA:154,1
DA:155,1
DA:156,1
DA:157,1
DA:158,1
DA:159,1
DA:160,1
DA:161,1
DA:162,1
DA:163,1
DA:165,1
DA:166,1
DA:167,1
DA:168,1
DA:169,1
DA:170,1
DA:172,1
LF:134
LH:134
BRDA:46,0,0,1
BRDA:48,1,0,1
BRDA:56,2,0,1
BRDA:64,3,0,1
BRDA:72,4,0,1
BRDA:82,5,0,1
BRDA:93,6,0,1
BRDA:104,7,0,1
BRDA:116,8,0,1
BRF:9
BRH:9
end_of_record
TN:
SF:src\components\FlowMetrics.tsx
FN:41,FlowMetrics
FNF:1
FNH:1
FNDA:1,FlowMetrics
DA:1,1
DA:2,1
DA:13,1
DA:16,1
DA:17,1
DA:18,1
DA:19,1
DA:20,1
DA:21,1
DA:22,1
DA:23,1
DA:24,1
DA:25,1
DA:41,1
DA:43,1
DA:46,1
DA:47,0
DA:48,1
DA:51,1
DA:52,0
DA:53,1
DA:56,1
DA:59,1
DA:60,0
DA:61,0
DA:64,1
DA:65,0
DA:66,0
DA:67,0
DA:68,1
DA:71,1
DA:72,1
DA:74,1
DA:75,0
DA:76,0
DA:77,0
DA:78,0
DA:79,0
DA:80,0
DA:81,0
DA:82,0
DA:83,0
DA:86,1
DA:89,1
DA:90,0
DA:91,0
DA:94,1
DA:95,0
DA:96,0
DA:98,0
DA:99,0
DA:100,0
DA:101,0
DA:102,0
DA:103,1
DA:106,1
DA:107,1
DA:108,1
DA:109,1
DA:110,1
DA:111,1
DA:112,1
DA:113,1
DA:114,1
DA:115,1
DA:116,1
DA:117,1
DA:120,1
DA:121,1
DA:122,1
DA:123,1
DA:124,1
DA:125,1
DA:126,1
DA:127,1
DA:128,1
DA:129,1
DA:130,1
DA:131,1
DA:132,1
DA:135,1
DA:136,1
DA:137,1
DA:138,1
DA:139,1
DA:140,1
DA:141,1
DA:142,1
DA:143,1
DA:144,1
DA:145,1
DA:146,1
DA:149,1
DA:150,1
DA:151,1
DA:152,1
DA:153,1
DA:154,1
DA:155,1
DA:156,1
DA:157,1
DA:158,1
DA:159,1
DA:160,1
DA:161,1
DA:162,1
DA:163,1
DA:164,1
DA:165,1
DA:166,1
DA:167,1
DA:168,1
DA:169,1
DA:170,1
DA:171,1
DA:172,1
DA:173,1
DA:175,1
DA:176,1
DA:177,1
DA:178,1
DA:179,1
DA:180,1
DA:181,1
DA:182,1
DA:183,1
DA:184,1
DA:185,1
DA:186,1
DA:187,1
DA:188,1
DA:189,1
DA:190,1
DA:191,1
DA:192,1
DA:193,1
DA:194,1
DA:195,1
DA:196,1
DA:197,1
DA:198,1
DA:199,1
DA:201,1
DA:202,1
DA:203,1
DA:204,1
DA:205,1
DA:206,1
DA:207,1
DA:208,1
DA:209,1
DA:210,1
DA:211,1
DA:212,1
DA:213,1
DA:214,1
DA:215,1
DA:216,1
DA:217,1
DA:218,1
DA:219,1
DA:220,1
DA:221,1
DA:222,1
DA:223,1
DA:224,1
DA:225,1
DA:228,1
DA:229,1
DA:230,1
DA:232,1
DA:233,1
DA:234,1
DA:235,1
DA:236,1
DA:237,1
DA:238,1
DA:239,1
DA:241,1
DA:242,1
DA:243,1
DA:244,1
DA:245,1
DA:246,1
DA:247,1
DA:249,1
DA:250,1
DA:251,1
DA:252,1
DA:253,1
DA:254,1
DA:255,1
DA:257,1
DA:258,1
DA:259,1
DA:260,1
DA:261,1
DA:262,1
DA:264,1
DA:265,1
DA:266,1
DA:267,1
DA:268,1
DA:269,1
DA:270,1
DA:272,1
DA:273,1
DA:274,1
DA:275,1
DA:276,1
DA:277,1
DA:279,1
DA:280,1
DA:281,1
DA:282,1
DA:283,1
DA:284,1
DA:285,1
DA:286,1
DA:288,1
LF:220
LH:195
BRDA:41,0,0,1
BRDA:51,1,0,0
BRDA:59,2,0,0
BRDA:74,3,0,0
BRDA:89,4,0,0
BRDA:230,5,0,0
BRF:6
BRH:1
end_of_record
TN:
SF:src\components\Logo.tsx
FN:8,Logo
FNF:1
FNH:1
FNDA:155,Logo
DA:1,1
DA:2,1
DA:8,1
DA:10,155
DA:11,155
DA:12,155
DA:13,155
DA:14,155
DA:16,155
DA:18,155
DA:19,155
DA:20,155
DA:21,155
DA:22,155
DA:23,155
DA:24,155
DA:25,155
DA:26,155
DA:28,155
LF:19
LH:19
BRDA:8,0,0,155
BRF:1
BRH:1
end_of_record
TN:
SF:src\components\NavigationBar.tsx
FN:19,NavigationBar
FN:34,handleFileChange
FN:58,onClick
FN:64,onClick
FN:70,onClick
FN:76,onClick
FN:88,onClick
FN:104,onClick
FN:118,onClick
FNF:9
FNH:8
FNDA:151,NavigationBar
FNDA:0,handleFileChange
FNDA:1,onClick
FNDA:2,onClick
FNDA:2,onClick
FNDA:2,onClick
FNDA:5,onClick
FNDA:3,onClick
FNDA:3,onClick
DA:1,1
DA:2,1
DA:3,1
DA:19,1
DA:20,151
DA:21,151
DA:22,151
DA:23,151
DA:24,151
DA:25,151
DA:26,151
DA:27,151
DA:28,151
DA:29,151
DA:30,151
DA:31,151
DA:32,151
DA:34,151
DA:35,0
DA:36,0
DA:38,0
DA:39,0
DA:40,0
DA:42,0
DA:43,0
DA:44,0
DA:46,151
DA:47,151
DA:48,151
DA:49,151
DA:50,151
DA:51,151
DA:52,151
DA:54,151
DA:55,151
DA:56,151
DA:57,151
DA:58,151
DA:59,151
DA:61,151
DA:62,151
DA:63,151
DA:64,151
DA:65,151
DA:67,151
DA:68,151
DA:69,151
DA:70,151
DA:71,151
DA:73,151
DA:74,151
DA:75,151
DA:76,151
DA:77,151
DA:79,151
DA:80,151
DA:81,151
DA:83,151
DA:84,151
DA:85,151
DA:86,151
DA:87,151
DA:88,151
DA:89,5
DA:90,5
DA:91,5
DA:92,151
DA:94,151
DA:95,151
DA:96,151
DA:97,151
DA:98,151
DA:99,151
DA:100,151
DA:101,5
DA:102,5
DA:103,5
DA:104,5
DA:105,3
DA:106,3
DA:107,3
DA:108,5
DA:110,5
DA:111,5
DA:113,151
DA:115,151
DA:116,151
DA:117,151
DA:118,151
DA:119,3
DA:120,3
DA:121,3
DA:122,151
DA:124,151
DA:125,151
DA:126,151
DA:127,151
DA:128,151
DA:129,151
DA:130,151
DA:131,3
DA:132,3
DA:134,3
DA:135,3
DA:136,3
DA:137,3
DA:138,3
DA:139,3
DA:140,3
DA:141,3
DA:142,3
DA:144,151
DA:146,151
DA:147,137
DA:148,137
DA:149,137
DA:150,137
DA:151,137
DA:152,137
DA:154,151
DA:156,151
DA:157,151
DA:158,151
DA:159,151
DA:160,151
DA:161,151
DA:163,151
LF:127
LH:119
BRDA:19,0,0,151
BRDA:57,1,0,148
BRDA:57,2,0,3
BRDA:63,3,0,1
BRDA:63,4,0,150
BRDA:69,5,0,1
BRDA:69,6,0,150
BRDA:75,7,0,1
BRDA:75,8,0,150
BRDA:100,9,0,5
BRDA:130,10,0,3
BRDA:146,11,0,137
BRDA:58,12,0,1
BRDA:64,13,0,2
BRDA:70,14,0,2
BRDA:76,15,0,2
BRDA:88,16,0,5
BRDA:104,17,0,3
BRDA:118,18,0,3
BRF:19
BRH:19
end_of_record
TN:
SF:src\components\NextDayButton.tsx
FN:8,NextDayButton
FNF:1
FNH:1
FNDA:134,NextDayButton
DA:1,1
DA:8,1
DA:9,134
DA:10,134
DA:11,134
DA:12,134
DA:13,134
DA:14,134
DA:16,134
DA:18,134
LF:10
LH:10
BRDA:8,0,0,134
BRF:1
BRH:1
end_of_record
TN:
SF:src\components\PolicyRunner.tsx
FN:15,PolicyRunner
FN:25,handlePolicyButtonClick
FN:31,handleRunPolicy
FN:39,handleDaysChange
FN:44,getPolicyDescription
FN:53,renderProgressBar
FN:114,onChange
FNF:7
FNH:6
FNDA:152,PolicyRunner
FNDA:3,handlePolicyButtonClick
FNDA:2,handleRunPolicy
FNDA:2,handleDaysChange
FNDA:5,getPolicyDescription
FNDA:5,renderProgressBar
FNDA:0,onChange
DA:1,1
DA:15,1
DA:16,152
DA:17,152
DA:18,152
DA:19,152
DA:20,152
DA:21,152
DA:22,152
DA:23,152
DA:25,152
DA:26,3
DA:27,3
DA:28,3
DA:29,3
DA:31,152
DA:33,2
DA:35,2
DA:36,2
DA:37,2
DA:39,152
DA:40,2
DA:41,2
DA:42,2
DA:44,152
DA:45,5
DA:46,5
DA:47,5
DA:48,5
DA:49,0
DA:50,5
DA:51,5
DA:53,152
DA:54,5
DA:56,4
DA:57,4
DA:59,4
DA:60,4
DA:61,4
DA:62,4
DA:63,4
DA:64,4
DA:65,4
DA:66,4
DA:67,4
DA:68,4
DA:69,2
DA:71,2
DA:73,5
DA:75,5
DA:77,152
DA:78,152
DA:79,152
DA:80,152
DA:81,152
DA:82,152
DA:83,152
DA:85,152
DA:86,152
DA:87,152
DA:88,152
DA:89,152
DA:90,152
DA:91,152
DA:92,152
DA:93,152
DA:94,152
DA:96,152
DA:97,152
DA:98,152
DA:100,152
DA:102,152
DA:103,5
DA:104,5
DA:105,5
DA:107,5
DA:108,5
DA:109,5
DA:110,5
DA:111,5
DA:112,5
DA:113,5
DA:114,5
DA:115,5
DA:117,5
DA:118,5
DA:119,5
DA:120,5
DA:121,5
DA:123,5
DA:124,5
DA:125,5
DA:126,5
DA:127,5
DA:128,5
DA:129,5
DA:130,5
DA:131,5
DA:132,5
DA:134,5
DA:136,5
DA:137,5
DA:138,5
DA:140,152
DA:142,152
LF:105
LH:104
BRDA:15,0,0,152
BRDA:100,1,0,5
BRDA:102,2,0,5
BRDA:102,3,0,5
BRDA:25,4,0,3
BRDA:31,5,0,2
BRDA:39,6,0,2
BRDA:41,7,0,0
BRDA:44,8,0,5
BRDA:48,9,0,0
BRDA:53,10,0,5
BRDA:54,11,0,1
BRDA:54,12,0,4
BRDA:68,13,0,2
BRF:14
BRH:12
end_of_record
TN:
SF:src\components\TabNavigation.tsx
FN:10,TabNavigation
FN:16,onClick
FN:22,onClick
FN:28,onClick
FN:34,onClick
FNF:5
FNH:3
FNDA:8,TabNavigation
FNDA:1,onClick
FNDA:1,onClick
FNDA:0,onClick
FNDA:0,onClick
DA:1,1
DA:10,1
DA:11,8
DA:12,8
DA:13,8
DA:14,8
DA:15,8
DA:16,8
DA:17,8
DA:19,8
DA:20,8
DA:21,8
DA:22,8
DA:23,8
DA:25,8
DA:26,8
DA:27,8
DA:28,8
DA:29,8
DA:31,8
DA:32,8
DA:33,8
DA:34,8
DA:35,8
DA:37,8
DA:38,8
DA:39,8
DA:41,8
LF:28
LH:28
BRDA:10,0,0,8
BRDA:15,1,0,5
BRDA:15,2,0,3
BRDA:21,3,0,1
BRDA:21,4,0,7
BRDA:27,5,0,1
BRDA:27,6,0,7
BRDA:33,7,0,1
BRDA:33,8,0,7
BRDA:16,9,0,1
BRDA:22,10,0,1
BRF:11
BRH:11
end_of_record
TN:
SF:src\components\WipAgingDiagram.tsx
FN:35,WipAgingDiagram
FN:123,label
FN:138,callback
FNF:3
FNH:1
FNDA:1,WipAgingDiagram
FNDA:0,label
FNDA:0,callback
DA:1,1
DA:2,1
DA:12,1
DA:15,1
DA:16,1
DA:17,1
DA:18,1
DA:19,1
DA:20,1
DA:21,1
DA:22,1
DA:35,1
DA:37,1
DA:38,1
DA:39,1
DA:40,1
DA:41,1
DA:42,1
DA:43,1
DA:44,1
DA:45,1
DA:47,1
DA:48,1
DA:49,1
DA:50,1
DA:51,1
DA:52,1
DA:53,1
DA:54,1
DA:55,1
DA:58,1
DA:59,1
DA:60,1
DA:61,1
DA:64,1
DA:65,7
DA:68,7
DA:70,0
DA:72,0
DA:73,0
DA:74,0
DA:75,0
DA:76,0
DA:77,7
DA:80,7
DA:81,7
DA:82,7
DA:83,7
DA:84,7
DA:85,7
DA:86,7
DA:87,7
DA:88,7
DA:90,7
DA:91,7
DA:92,7
DA:93,7
DA:94,7
DA:95,7
DA:96,7
DA:97,7
DA:98,7
DA:99,1
DA:102,1
DA:103,1
DA:104,1
DA:107,1
DA:108,1
DA:109,1
DA:110,1
DA:111,1
DA:112,1
DA:113,1
DA:114,1
DA:115,1
DA:116,1
DA:117,1
DA:118,1
DA:119,1
DA:120,1
DA:121,1
DA:122,1
DA:123,1
DA:124,0
DA:125,0
DA:126,0
DA:127,0
DA:128,1
DA:129,1
DA:130,1
DA:131,1
DA:132,1
DA:133,1
DA:134,1
DA:135,1
DA:136,1
DA:137,1
DA:138,1
DA:139,0
DA:140,0
DA:141,0
DA:142,1
DA:143,1
DA:144,1
DA:145,1
DA:146,1
DA:147,1
DA:148,1
DA:149,1
DA:150,1
DA:151,1
DA:152,1
DA:153,1
DA:154,1
DA:155,1
DA:156,1
DA:157,1
DA:158,1
DA:159,1
DA:161,1
DA:162,1
DA:163,1
DA:164,1
DA:165,1
DA:167,1
DA:168,1
DA:169,1
DA:170,1
DA:171,1
DA:172,1
DA:173,1
DA:174,1
DA:175,1
DA:176,1
DA:177,1
DA:178,1
DA:180,1
DA:181,1
DA:182,1
DA:183,1
DA:184,1
DA:185,1
DA:186,1
DA:187,1
DA:188,1
DA:189,1
DA:190,1
DA:191,1
DA:192,1
DA:193,1
DA:194,1
DA:195,1
DA:196,1
DA:197,1
DA:199,1
LF:155
LH:142
BRDA:35,0,0,1
BRDA:64,1,0,7
BRF:2
BRH:2
end_of_record
TN:
SF:src\components\WipLimitEditor.tsx
FN:9,WipLimitEditor
FN:14,handleMinChange
FN:19,handleMaxChange
FN:24,handleSave
FN:29,handleCancel
FN:71,onClick
FNF:6
FNH:6
FNDA:916,WipLimitEditor
FNDA:5,handleMinChange
FNDA:5,handleMaxChange
FNDA:7,handleSave
FNDA:1,handleCancel
FNDA:9,onClick
DA:1,1
DA:9,1
DA:10,916
DA:11,916
DA:12,916
DA:14,916
DA:15,5
DA:16,5
DA:17,5
DA:19,916
DA:20,5
DA:21,5
DA:22,5
DA:24,916
DA:25,7
DA:26,7
DA:27,7
DA:29,916
DA:30,1
DA:31,1
DA:32,1
DA:33,1
DA:35,916
DA:36,19
DA:37,19
DA:38,19
DA:39,19
DA:40,19
DA:41,19
DA:42,19
DA:43,19
DA:44,19
DA:45,19
DA:46,19
DA:47,19
DA:48,19
DA:49,19
DA:50,19
DA:51,19
DA:52,19
DA:53,19
DA:54,19
DA:55,19
DA:56,19
DA:57,19
DA:58,19
DA:59,19
DA:60,19
DA:61,19
DA:62,19
DA:63,19
DA:64,19
DA:65,19
DA:66,19
DA:68,19
DA:70,897
DA:71,897
DA:72,897
DA:73,897
DA:74,897
DA:75,897
DA:77,897
LF:62
LH:62
BRDA:9,0,0,916
BRDA:35,1,0,19
BRDA:68,2,0,897
BRDA:14,3,0,5
BRDA:16,4,0,1
BRDA:16,5,0,4
BRDA:19,6,0,5
BRDA:21,7,0,1
BRDA:21,8,0,4
BRDA:24,9,0,7
BRDA:29,10,0,1
BRDA:71,11,0,9
BRF:12
BRH:12
end_of_record
TN:
SF:src\components\WorkButton.tsx
FN:8,WorkButton
FNF:1
FNH:1
FNDA:3,WorkButton
DA:1,1
DA:8,1
DA:9,3
DA:10,3
DA:11,3
DA:12,3
DA:13,3
DA:14,3
DA:16,3
DA:18,3
LF:10
LH:10
BRDA:8,0,0,3
BRF:1
BRH:1
end_of_record
TN:
SF:src\components\Worker.tsx
FN:27,Worker
FN:32,handleDragStart
FN:50,handleDragEnd
FN:61,handleTouchStart
FN:74,handleTouchMove
FN:125,handleTouchEnd
FNF:6
FNH:1
FNDA:566,Worker
FNDA:0,handleDragStart
FNDA:0,handleDragEnd
FNDA:0,handleTouchStart
FNDA:0,handleTouchMove
FNDA:0,handleTouchEnd
DA:1,1
DA:21,1
DA:22,1
DA:23,1
DA:24,1
DA:25,1
DA:27,1
DA:28,566
DA:29,566
DA:32,566
DA:34,0
DA:35,0
DA:38,0
DA:39,0
DA:40,0
DA:43,0
DA:44,0
DA:45,0
DA:46,0
DA:47,0
DA:50,566
DA:51,0
DA:52,0
DA:55,0
DA:56,0
DA:57,0
DA:58,0
DA:61,566
DA:63,0
DA:64,0
DA:65,0
DA:68,0
DA:69,0
DA:70,0
DA:71,0
DA:72,0
DA:74,566
DA:76,0
DA:79,0
DA:82,0
DA:84,0
DA:85,0
DA:86,0
DA:87,0
DA:88,0
DA:89,0
DA:90,0
DA:91,0
DA:94,0
DA:95,0
DA:96,0
DA:97,0
DA:98,0
DA:99,0
DA:102,0
DA:105,0
DA:106,0
DA:107,0
DA:110,0
DA:111,0
DA:112,0
DA:115,0
DA:116,0
DA:117,0
DA:120,0
DA:121,0
DA:122,0
DA:123,0
DA:125,566
DA:127,0
DA:128,0
DA:129,0
DA:130,0
DA:133,0
DA:134,0
DA:135,0
DA:136,0
DA:139,0
DA:142,0
DA:145,0
DA:146,0
DA:147,0
DA:150,0
DA:151,0
DA:152,0
DA:155,0
DA:156,0
DA:157,0
DA:159,0
DA:161,0
DA:162,0
DA:163,0
DA:165,0
DA:168,0
DA:169,0
DA:170,0
DA:171,0
DA:172,0
DA:175,0
DA:176,0
DA:177,0
DA:178,0
DA:180,566
DA:181,566
DA:182,566
DA:183,566
DA:184,566
DA:185,566
DA:186,566
DA:187,566
DA:188,566
DA:189,566
DA:190,566
DA:191,566
DA:192,566
DA:194,566
DA:195,566
DA:196,566
DA:197,566
DA:199,566
LF:120
LH:32
BRDA:27,0,0,566
BRDA:183,1,0,5
BRDA:183,2,0,561
BRDA:183,3,0,0
BRF:4
BRH:3
end_of_record
TN:
SF:src\components\WorkerPool.tsx
FN:18,WorkerPool
FN:28,handleAddClick
FN:32,handleTypeSelect
FN:36,handleAddWorker
FN:43,handleDeleteWorker
FN:71,onChange
FN:81,onChange
FN:91,onChange
FN:112,onClick
FN:117,onClick
FNF:10
FNH:9
FNDA:141,WorkerPool
FNDA:6,handleAddClick
FNDA:2,handleTypeSelect
FNDA:3,handleAddWorker
FNDA:1,handleDeleteWorker
FNDA:0,onChange
FNDA:1,onChange
FNDA:1,onChange
FNDA:4,onClick
FNDA:1,onClick
DA:1,1
DA:2,1
DA:18,1
DA:19,141
DA:20,141
DA:21,141
DA:22,141
DA:23,141
DA:24,141
DA:25,141
DA:26,141
DA:28,141
DA:29,6
DA:30,6
DA:32,141
DA:33,2
DA:34,2
DA:36,141
DA:37,3
DA:38,3
DA:39,3
DA:40,3
DA:41,3
DA:43,141
DA:44,1
DA:45,1
DA:46,1
DA:47,1
DA:49,141
DA:50,141
DA:51,141
DA:52,141
DA:53,141
DA:54,141
DA:55,141
DA:56,141
DA:57,141
DA:59,141
DA:60,141
DA:62,141
DA:63,7
DA:64,7
DA:65,7
DA:66,7
DA:67,7
DA:68,7
DA:69,7
DA:70,7
DA:71,7
DA:72,7
DA:74,7
DA:75,7
DA:76,7
DA:77,7
DA:78,7
DA:79,7
DA:80,7
DA:81,7
DA:82,7
DA:84,7
DA:85,7
DA:86,7
DA:87,7
DA:88,7
DA:89,7
DA:90,7
DA:91,7
DA:92,7
DA:94,7
DA:95,7
DA:96,7
DA:97,7
DA:98,7
DA:99,7
DA:101,7
DA:102,7
DA:105,141
DA:106,141
DA:107,563
DA:108,563
DA:109,563
DA:110,563
DA:111,563
DA:112,563
DA:113,563
DA:114,563
DA:115,554
DA:116,554
DA:117,554
DA:118,554
DA:119,554
DA:121,554
DA:123,563
DA:124,141
DA:125,141
DA:126,141
DA:128,141
LF:97
LH:97
BRDA:18,0,0,141
BRDA:62,1,0,7
BRDA:28,2,0,6
BRDA:32,3,0,2
BRDA:36,4,0,3
BRDA:43,5,0,1
BRDA:81,6,0,1
BRDA:91,7,0,1
BRDA:106,8,0,563
BRDA:114,9,0,554
BRDA:112,10,0,4
BRDA:117,11,0,1
BRF:12
BRH:12
end_of_record
TN:
SF:src\simulation\domain\board\board.ts
FN:30,create
FN:49,empty
FN:53,withCards
FN:57,withWorkers
FN:61,withCurrentDay
FN:71,withWipLimits
FN:75,addCard
FN:79,removeCard
FN:86,updateCard
FN:93,addWorker
FN:97,removeWorker
FN:104,findCard
FN:108,findWorker
FN:112,getCardsByStage
FN:116,getCardCountByStage
FN:120,advanceDay
FNF:16
FNH:16
FNDA:40,create
FNDA:1,empty
FNDA:2,withCards
FNDA:2,withWorkers
FNDA:4,withCurrentDay
FNDA:2,withWipLimits
FNDA:3,addCard
FNDA:3,removeCard
FNDA:3,updateCard
FNDA:2,addWorker
FNDA:2,removeWorker
FNDA:2,findCard
FNDA:2,findWorker
FNDA:2,getCardsByStage
FNDA:3,getCardCountByStage
FNDA:2,advanceDay
DA:19,1
DA:20,1
DA:21,1
DA:22,1
DA:23,1
DA:24,1
DA:25,1
DA:26,1
DA:27,1
DA:29,1
DA:30,1
DA:31,40
DA:33,40
DA:34,1
DA:35,1
DA:37,40
DA:38,1
DA:39,1
DA:41,38
DA:42,40
DA:43,40
DA:44,40
DA:45,40
DA:46,40
DA:47,40
DA:49,1
DA:50,1
DA:51,1
DA:53,1
DA:54,2
DA:55,2
DA:57,1
DA:58,2
DA:59,2
DA:61,1
DA:62,4
DA:63,1
DA:64,1
DA:65,4
DA:66,1
DA:67,1
DA:68,2
DA:69,4
DA:71,1
DA:72,2
DA:73,2
DA:75,1
DA:76,3
DA:77,3
DA:79,1
DA:80,3
DA:81,3
DA:82,3
DA:83,3
DA:84,3
DA:86,1
DA:87,3
DA:88,3
DA:89,3
DA:90,3
DA:91,3
DA:93,1
DA:94,2
DA:95,2
DA:97,1
DA:98,2
DA:99,2
DA:100,2
DA:101,2
DA:102,2
DA:104,1
DA:105,2
DA:106,2
DA:108,1
DA:109,2
DA:110,2
DA:112,1
DA:113,2
DA:114,2
DA:116,1
DA:117,3
DA:118,3
DA:120,1
DA:121,2
DA:122,2
DA:123,1
LF:86
LH:86
BRDA:30,0,0,40
BRDA:31,1,0,33
BRDA:33,2,0,1
BRDA:35,3,0,39
BRDA:37,4,0,1
BRDA:39,5,0,38
BRDA:42,6,0,15
BRDA:42,7,0,23
BRDA:43,8,0,7
BRDA:43,9,0,31
BRDA:49,10,0,1
BRDA:53,11,0,2
BRDA:57,12,0,2
BRDA:61,13,0,4
BRDA:62,14,0,1
BRDA:64,15,0,3
BRDA:65,16,0,1
BRDA:67,17,0,2
BRDA:71,18,0,2
BRDA:75,19,0,3
BRDA:79,20,0,3
BRDA:82,21,0,4
BRDA:86,22,0,3
BRDA:89,23,0,4
BRDA:89,24,0,3
BRDA:89,25,0,1
BRDA:93,26,0,2
BRDA:97,27,0,2
BRDA:100,28,0,3
BRDA:104,29,0,2
BRDA:105,30,0,1
BRDA:108,31,0,2
BRDA:109,32,0,1
BRDA:112,33,0,2
BRDA:113,34,0,4
BRDA:116,35,0,3
BRDA:117,36,0,9
BRDA:120,37,0,2
BRF:38
BRH:38
end_of_record
TN:
SF:src\simulation\domain\card\card-id.ts
FN:7,create
FN:14,isValid
FN:18,next
FNF:3
FNH:3
FNDA:45,create
FNDA:56,isValid
FNDA:7,next
DA:3,1
DA:4,1
DA:6,1
DA:7,1
DA:8,45
DA:9,5
DA:10,5
DA:11,40
DA:12,45
DA:14,1
DA:15,56
DA:16,56
DA:18,1
DA:19,7
DA:20,7
DA:22,7
DA:23,12
DA:25,12
DA:26,4
DA:27,4
DA:28,12
DA:29,8
DA:30,8
DA:31,12
DA:33,7
DA:34,3
DA:35,3
DA:37,7
DA:38,7
DA:39,1
LF:30
LH:30
BRDA:7,0,0,45
BRDA:8,1,0,5
BRDA:10,2,0,40
BRDA:14,3,0,56
BRDA:18,4,0,7
BRDA:22,5,0,14
BRDA:22,6,0,12
BRDA:25,7,0,4
BRDA:28,8,0,8
BRDA:33,9,0,3
BRF:10
BRH:10
end_of_record
TN:
SF:src\simulation\domain\card\card.ts
FN:51,create
FN:78,withStage
FN:82,withAge
FN:89,withBlocked
FN:93,withCompletionDay
FN:97,withWorkItems
FN:101,addWorker
FN:113,removeWorker
FN:120,clearWorkers
FNF:9
FNH:9
FNDA:44,create
FNDA:4,withStage
FNDA:2,withAge
FNDA:2,withBlocked
FNDA:1,withCompletionDay
FNDA:1,withWorkItems
FNDA:5,addWorker
FNDA:2,removeWorker
FNDA:1,clearWorkers
DA:48,1
DA:50,1
DA:51,1
DA:52,44
DA:53,44
DA:55,44
DA:56,1
DA:57,1
DA:59,44
DA:60,1
DA:61,1
DA:62,1
DA:63,1
DA:65,42
DA:66,42
DA:67,42
DA:68,42
DA:69,42
DA:70,42
DA:71,44
DA:72,44
DA:73,44
DA:74,44
DA:75,44
DA:76,44
DA:78,1
DA:79,4
DA:80,4
DA:82,1
DA:83,2
DA:84,1
DA:85,1
DA:86,1
DA:87,2
DA:89,1
DA:90,2
DA:91,2
DA:93,1
DA:94,1
DA:95,1
DA:97,1
DA:98,1
DA:99,1
DA:101,1
DA:102,5
DA:103,1
DA:104,1
DA:105,1
DA:106,1
DA:107,4
DA:108,4
DA:109,4
DA:110,4
DA:111,5
DA:113,1
DA:114,2
DA:115,2
DA:116,2
DA:117,2
DA:118,2
DA:120,1
DA:121,1
DA:122,1
DA:123,1
DA:124,1
DA:125,1
DA:126,1
LF:67
LH:67
BRDA:51,0,0,44
BRDA:52,1,0,41
BRDA:53,2,0,38
BRDA:55,3,0,1
BRDA:57,4,0,43
BRDA:59,5,0,1
BRDA:63,6,0,42
BRDA:71,7,0,39
BRDA:73,8,0,41
BRDA:78,9,0,4
BRDA:82,10,0,2
BRDA:83,11,0,1
BRDA:89,12,0,2
BRDA:93,13,0,1
BRDA:97,14,0,1
BRDA:101,15,0,5
BRDA:102,16,0,1
BRDA:106,17,0,4
BRDA:113,18,0,2
BRDA:116,19,0,3
BRDA:120,20,0,1
BRF:21
BRH:21
end_of_record
TN:
SF:src\simulation\domain\card\work-items.ts
FN:16,validateWorkProgress
FN:26,create
FN:33,empty
FN:41,isColorComplete
FN:46,isAllComplete
FN:54,applyWork
FNF:6
FNH:6
FNDA:61,validateWorkProgress
FNDA:22,create
FNDA:29,empty
FNDA:18,isColorComplete
FNDA:5,isAllComplete
FNDA:7,applyWork
DA:12,1
DA:16,61
DA:17,61
DA:18,2
DA:19,2
DA:20,61
DA:21,2
DA:22,2
DA:23,61
DA:25,1
DA:26,1
DA:27,22
DA:28,22
DA:29,22
DA:30,22
DA:31,22
DA:33,1
DA:34,29
DA:35,29
DA:36,29
DA:37,29
DA:38,29
DA:39,29
DA:41,1
DA:42,18
DA:43,18
DA:44,18
DA:46,1
DA:47,5
DA:48,5
DA:49,4
DA:50,3
DA:52,5
DA:54,1
DA:55,7
DA:56,7
DA:57,7
DA:58,7
DA:59,7
DA:60,7
DA:62,7
DA:63,7
DA:64,7
DA:65,7
DA:66,7
DA:67,1
LF:46
LH:46
BRDA:16,0,0,61
BRDA:17,1,0,60
BRDA:17,2,0,2
BRDA:19,3,0,59
BRDA:20,4,0,58
BRDA:20,5,0,2
BRDA:26,6,0,22
BRDA:33,7,0,29
BRDA:41,8,0,18
BRDA:46,9,0,5
BRDA:48,10,0,4
BRDA:49,11,0,3
BRDA:54,12,0,7
BRF:13
BRH:13
end_of_record
TN:
SF:src\simulation\domain\stage\index.ts
FN:1,(empty-report)
FNF:1
FNH:0
FNDA:0,(empty-report)
DA:1,0
LF:1
LH:0
BRDA:1,0,0,0
BRF:1
BRH:0
end_of_record
TN:
SF:src\simulation\domain\stage\stage.ts
FN:25,options
FN:29,redActive
FN:33,redFinished
FN:37,blueActive
FN:41,blueFinished
FN:45,green
FN:49,done
FN:58,parseStage
FN:65,isActiveStage
FN:73,isFinishedStage
FN:81,stageToString
FNF:11
FNH:11
FNDA:4,options
FNDA:4,redActive
FNDA:4,redFinished
FNDA:4,blueActive
FNDA:4,blueFinished
FNDA:4,green
FNDA:4,done
FNDA:11,parseStage
FNDA:7,isActiveStage
FNDA:7,isFinishedStage
FNDA:7,stageToString
DA:14,1
DA:15,1
DA:16,1
DA:17,1
DA:18,1
DA:19,1
DA:20,1
DA:21,1
DA:22,1
DA:24,1
DA:25,1
DA:26,4
DA:27,4
DA:29,1
DA:30,4
DA:31,4
DA:33,1
DA:34,4
DA:35,4
DA:37,1
DA:38,4
DA:39,4
DA:41,1
DA:42,4
DA:43,4
DA:45,1
DA:46,4
DA:47,4
DA:49,1
DA:50,4
DA:51,4
DA:52,1
DA:54,1
DA:55,1
DA:56,1
DA:58,1
DA:59,11
DA:60,2
DA:61,2
DA:62,11
DA:63,11
DA:65,1
DA:66,7
DA:67,7
DA:68,6
DA:69,5
DA:71,7
DA:73,1
DA:74,7
DA:75,7
DA:76,6
DA:77,5
DA:79,7
DA:81,1
DA:82,7
DA:83,7
LF:56
LH:56
BRDA:25,0,0,4
BRDA:29,1,0,4
BRDA:33,2,0,4
BRDA:37,3,0,4
BRDA:41,4,0,4
BRDA:45,5,0,4
BRDA:49,6,0,4
BRDA:55,7,0,7
BRDA:58,8,0,11
BRDA:59,9,0,2
BRDA:61,10,0,9
BRDA:62,11,0,2
BRDA:65,12,0,7
BRDA:67,13,0,6
BRDA:68,14,0,5
BRDA:73,15,0,7
BRDA:75,16,0,6
BRDA:76,17,0,5
BRDA:81,18,0,7
BRF:19
BRH:19
end_of_record
TN:
SF:src\simulation\domain\wip\wip-limits.ts
FN:8,__vite_ssr_import_0__.z.object.refine.message
FN:41,create
FN:49,parse
FN:54,isValid
FN:58,empty
FN:70,withColumnLimit
FN:82,getColumnLimit
FNF:7
FNH:7
FNDA:112,__vite_ssr_import_0__.z.object.refine.message
FNDA:10,create
FNDA:3,parse
FNDA:8,isValid
FNDA:54,empty
FNDA:12,withColumnLimit
FNDA:3,getColumnLimit
DA:1,1
DA:3,1
DA:4,1
DA:5,1
DA:6,1
DA:7,1
DA:8,1
DA:9,1
DA:10,1
DA:14,1
DA:15,1
DA:16,1
DA:17,1
DA:18,1
DA:19,1
DA:20,1
DA:21,1
DA:22,1
DA:28,1
DA:29,1
DA:30,1
DA:31,1
DA:32,1
DA:33,1
DA:34,1
DA:35,1
DA:36,1
DA:38,1
DA:39,1
DA:41,1
DA:42,10
DA:43,10
DA:44,6
DA:45,6
DA:46,4
DA:47,10
DA:49,1
DA:50,3
DA:51,3
DA:52,3
DA:54,1
DA:55,8
DA:56,8
DA:58,1
DA:59,54
DA:60,54
DA:61,54
DA:62,54
DA:63,54
DA:64,54
DA:65,54
DA:66,54
DA:67,54
DA:68,54
DA:70,1
DA:71,12
DA:72,12
DA:73,12
DA:74,12
DA:75,12
DA:76,12
DA:77,1
DA:78,1
DA:79,11
DA:80,12
DA:82,1
DA:83,3
DA:84,3
DA:85,1
LF:69
LH:69
BRDA:8,0,0,112
BRDA:8,1,0,27
BRDA:41,2,0,10
BRDA:43,3,0,6
BRDA:45,4,0,4
BRDA:49,5,0,3
BRDA:51,6,0,1
BRDA:51,7,0,2
BRDA:54,8,0,8
BRDA:58,9,0,54
BRDA:70,10,0,12
BRDA:76,11,0,1
BRDA:78,12,0,11
BRDA:82,13,0,3
BRF:14
BRH:14
end_of_record
TN:
SF:src\simulation\domain\worker\worker-type.ts
FN:5,isValidWorkerType
FNF:1
FNH:1
FNDA:28,isValidWorkerType
DA:1,1
DA:5,1
DA:6,28
DA:7,28
DA:8,24
DA:10,28
LF:6
LH:6
BRDA:5,0,0,28
BRDA:7,1,0,24
BRDA:8,2,0,39
BRF:3
BRH:3
end_of_record
TN:
SF:src\simulation\domain\worker\worker.ts
FN:9,create
FNF:1
FNH:1
FNDA:21,create
DA:1,1
DA:8,1
DA:9,1
DA:10,21
DA:11,21
DA:12,2
DA:13,2
DA:14,21
DA:15,1
DA:16,1
DA:17,18
DA:18,21
DA:19,1
LF:13
LH:13
BRDA:9,0,0,21
BRDA:11,1,0,2
BRDA:13,2,0,19
BRDA:14,3,0,1
BRDA:16,4,0,18
BRF:5
BRH:5
end_of_record
